Using pre-set license

 COMMAND LINE ARGUMENTS:
/Applications/Unity/Hub/Editor/2020.3.12f1/Unity.app/Contents/MacOS/Unity
-adb2
-batchMode
-noUpm
-name
AssetImportWorker0
-projectPath
/Users/lalucas.ferreira/Public/Lucas/unity/LowBudgetCounterStrike
-logFile
Logs/AssetImportWorker0.log
-srvPort
65016
Successfully changed project path to: /Users/lalucas.ferreira/Public/Lucas/unity/LowBudgetCounterStrike
/Users/lalucas.ferreira/Public/Lucas/unity/LowBudgetCounterStrike
Using Asset Import Pipeline V2.
Refreshing native plugins compatible for Editor in 45.88 ms, found 2 plugins.
Preloading 0 native plugins for Editor in 0.00 ms.
Initialize engine version: 2020.3.12f1 (b3b2c6512326)
[Subsystems] Discovering subsystems at path /Applications/Unity/Hub/Editor/2020.3.12f1/Unity.app/Contents/Resources/UnitySubsystems
[Subsystems] Discovering subsystems at path /Users/lalucas.ferreira/Public/Lucas/unity/LowBudgetCounterStrike/Assets
GfxDevice: creating device client; threaded=0
2021-07-25 00:32:26.677 Unity[46127:2351820] Color LCD preferred device: Intel(R) UHD Graphics 630 (low power)
2021-07-25 00:32:26.678 Unity[46127:2351820] Metal devices available: 2
2021-07-25 00:32:26.679 Unity[46127:2351820] 0: AMD Radeon Pro 5300M (high power)
2021-07-25 00:32:26.679 Unity[46127:2351820] 1: Intel(R) UHD Graphics 630 (low power)
2021-07-25 00:32:26.679 Unity[46127:2351820] Using device AMD Radeon Pro 5300M (high power)
Initializing Metal device caps: AMD Radeon Pro 5300M
Initialize mono
Mono path[0] = '/Applications/Unity/Hub/Editor/2020.3.12f1/Unity.app/Contents/Managed'
Mono path[1] = '/Applications/Unity/Hub/Editor/2020.3.12f1/Unity.app/Contents/MonoBleedingEdge/lib/mono/unityjit'
Mono config path = '/Applications/Unity/Hub/Editor/2020.3.12f1/Unity.app/Contents/MonoBleedingEdge/etc'
Using monoOptions --debugger-agent=transport=dt_socket,embedding=1,server=y,suspend=n,address=127.0.0.1:56127
Begin MonoManager ReloadAssembly
Registering precompiled unity dll's ...
Register platform support module: /Applications/Unity/Hub/Editor/2020.3.12f1/PlaybackEngines/WebGLSupport/UnityEditor.WebGL.Extensions.dll
Register platform support module: /Applications/Unity/Hub/Editor/2020.3.12f1/Unity.app/Contents/PlaybackEngines/MacStandaloneSupport/UnityEditor.OSXStandalone.Extensions.dll
Registered in 0.004092 seconds.
Native extension for OSXStandalone target not found
Native extension for WebGL target not found
Refreshing native plugins compatible for Editor in 31.19 ms, found 2 plugins.
Preloading 0 native plugins for Editor in 0.00 ms.
Mono: successfully reloaded assembly
- Completed reload, in  3.795 seconds
Platform modules already initialized, skipping
Registering precompiled user dll's ...
Registered in 0.011396 seconds.
Begin MonoManager ReloadAssembly
Native extension for OSXStandalone target not found
Native extension for WebGL target not found
Refreshing native plugins compatible for Editor in 0.78 ms, found 2 plugins.
Preloading 0 native plugins for Editor in 0.00 ms.
Mono: successfully reloaded assembly
- Completed reload, in  1.669 seconds
Platform modules already initialized, skipping
========================================================================
Worker process is ready to serve import requests
Launching external process: /Applications/Unity/Hub/Editor/2020.3.12f1/Unity.app/Contents/Tools/UnityShaderCompiler
Launched and connected shader compiler UnityShaderCompiler after 0.03 seconds
Refreshing native plugins compatible for Editor in 0.40 ms, found 2 plugins.
Preloading 0 native plugins for Editor in 0.00 ms.
Unloading 1507 Unused Serialized files (Serialized files now loaded: 0)
System memory in use before: 148.2 MB.
System memory in use after: 148.2 MB.

Unloading 25 unused Assets to reduce memory usage. Loaded Objects now: 1938.
Total: 3.416667 ms (FindLiveObjects: 0.254332 ms CreateObjectMapping: 0.073161 ms MarkObjects: 2.967898 ms  DeleteObjects: 0.120217 ms)

AssetImportParameters requested are different than current active one (requested -> active):
  custom:video-decoder-ogg-theora: a1e56fd34408186e4bbccfd4996cb3dc -> 
  custom:container-muxer-webm: aa71ff27fc2769a1b78a27578f13a17b -> 
  custom:container-demuxer-webm: 4f35f7cbe854078d1ac9338744f61a02 -> 
  custom:container-demuxer-ogg: 62fdf1f143b41e24485cea50d1cbac27 -> 
  custom:video-encoder-webm-vp8: eb34c28f22e8b96e1ab97ce403110664 -> 
  custom:framework-osx-AVFoundation: e770b220cccbd017edd2c1fefb359320 -> 
  custom:video-decoder-webm-vp8: 9c59270c3fd7afecdb556c50c9e8de78 -> 
  custom:audio-decoder-ogg-vorbis: bf7c407c2cedff20999df2af8eb42d56 -> 
  custom:audio-encoder-webm-vorbis: bf7c407c2cedff20999df2af8eb42d56 -> 
========================================================================
Received Import Request.
  path: Assets/Scripts/Launcher.cs
  artifactKey: Guid(81cd4dbbcd4ff49bbbab5d5f2e8ae9ed) Importer(815301076,1909f56bfc062723c751e8b465ee728b)
Start importing Assets/Scripts/Launcher.cs using Guid(81cd4dbbcd4ff49bbbab5d5f2e8ae9ed) Importer(815301076,1909f56bfc062723c751e8b465ee728b)  -> (artifact id: '59f74ebfcc7c47925d6e9ae7adfe64ec') in 1.302512 seconds 
  Import took 1.305679 seconds .

========================================================================
Received Import Request.
  Time since last request: 29.827999 seconds.
  path: Assets/GROCHES SDF.asset
  artifactKey: Guid(0e003a31d5de84419a8d666934b695fc) Importer(815301076,1909f56bfc062723c751e8b465ee728b)
Start importing Assets/GROCHES SDF.asset using Guid(0e003a31d5de84419a8d666934b695fc) Importer(815301076,1909f56bfc062723c751e8b465ee728b)  -> (artifact id: '8ff79ea9c64be6a415df0eea72c222d1') in 1.881957 seconds 
  Import took 1.886460 seconds .

========================================================================
Received Import Request.
  Time since last request: 3.301370 seconds.
  path: Assets/Photon/PhotonNetworking-Documentation.pdf
  artifactKey: Guid(c285a840e88d74462a18710772dc4bfb) Importer(815301076,1909f56bfc062723c751e8b465ee728b)
Start importing Assets/Photon/PhotonNetworking-Documentation.pdf using Guid(c285a840e88d74462a18710772dc4bfb) Importer(815301076,1909f56bfc062723c751e8b465ee728b)  -> (artifact id: 'dc604fcc1bbbcc69bb00652262b885d1') in 1.480971 seconds 
  Import took 1.484985 seconds .

========================================================================
Received Import Request.
  Time since last request: 3.809529 seconds.
  path: Assets/Photon/PhotonLibs
  artifactKey: Guid(ee1734b1a7bac244bb5f15ecd778b5f2) Importer(815301076,1909f56bfc062723c751e8b465ee728b)
Start importing Assets/Photon/PhotonLibs using Guid(ee1734b1a7bac244bb5f15ecd778b5f2) Importer(815301076,1909f56bfc062723c751e8b465ee728b)  -> (artifact id: 'eabc4f9c64b2d11414e79d7ec246d704') in 0.004507 seconds 
  Import took 0.008902 seconds .

========================================================================
Received Import Request.
  Time since last request: 0.001898 seconds.
  path: Assets/Photon/PhotonLibs
  artifactKey: Guid(ee1734b1a7bac244bb5f15ecd778b5f2) Importer(815301076,1909f56bfc062723c751e8b465ee728b)
Start importing Assets/Photon/PhotonLibs using Guid(ee1734b1a7bac244bb5f15ecd778b5f2) Importer(815301076,1909f56bfc062723c751e8b465ee728b)  -> (artifact id: 'eabc4f9c64b2d11414e79d7ec246d704') in 0.003663 seconds 
  Import took 0.007598 seconds .

========================================================================
Received Import Request.
  Time since last request: 13.284186 seconds.
  path: Assets/Photon/PhotonChat
  artifactKey: Guid(ea05e6479d592944d955c2a5e1a6d6f1) Importer(815301076,1909f56bfc062723c751e8b465ee728b)
Start importing Assets/Photon/PhotonChat using Guid(ea05e6479d592944d955c2a5e1a6d6f1) Importer(815301076,1909f56bfc062723c751e8b465ee728b)  -> (artifact id: '422ec55f01fdc951764d75002a71c492') in 0.004663 seconds 
  Import took 0.008391 seconds .

========================================================================
Received Import Request.
  Time since last request: 4.801233 seconds.
  path: Assets/Photon/PhotonLibs/Photon3Unity3D.pdb
  artifactKey: Guid(93859f4db66a6aa4183dbad399a56e24) Importer(815301076,1909f56bfc062723c751e8b465ee728b)
Start importing Assets/Photon/PhotonLibs/Photon3Unity3D.pdb using Guid(93859f4db66a6aa4183dbad399a56e24) Importer(815301076,1909f56bfc062723c751e8b465ee728b)  -> (artifact id: '29075198c4d4ada9c5d5479316855816') in 0.443752 seconds 
  Import took 0.447392 seconds .

========================================================================
Received Import Request.
  Time since last request: 1.785348 seconds.
  path: Assets/Photon/PhotonUnityNetworking
  artifactKey: Guid(d2b6672cc770a19438ff06fcb2637630) Importer(815301076,1909f56bfc062723c751e8b465ee728b)
Start importing Assets/Photon/PhotonUnityNetworking using Guid(d2b6672cc770a19438ff06fcb2637630) Importer(815301076,1909f56bfc062723c751e8b465ee728b)  -> (artifact id: '35ede24a24719380ddefcdd67530cfbd') in 0.004918 seconds 
  Import took 0.008920 seconds .

========================================================================
Received Import Request.
  Time since last request: 0.006406 seconds.
  path: Assets/Photon/PhotonUnityNetworking
  artifactKey: Guid(d2b6672cc770a19438ff06fcb2637630) Importer(815301076,1909f56bfc062723c751e8b465ee728b)
Start importing Assets/Photon/PhotonUnityNetworking using Guid(d2b6672cc770a19438ff06fcb2637630) Importer(815301076,1909f56bfc062723c751e8b465ee728b)  -> (artifact id: '35ede24a24719380ddefcdd67530cfbd') in 0.003719 seconds 
  Import took 0.006685 seconds .

========================================================================
Received Import Request.
  Time since last request: 3.464482 seconds.
  path: Assets/Photon/PhotonLibs/WebSocket
  artifactKey: Guid(2f243ce0406bd1c40a9ff5fc2d78d905) Importer(815301076,1909f56bfc062723c751e8b465ee728b)
Start importing Assets/Photon/PhotonLibs/WebSocket using Guid(2f243ce0406bd1c40a9ff5fc2d78d905) Importer(815301076,1909f56bfc062723c751e8b465ee728b)  -> (artifact id: 'e532ea92269697075eddc7e912fa2dda') in 0.003944 seconds 
  Import took 0.008955 seconds .

========================================================================
Received Import Request.
  Time since last request: 0.002372 seconds.
  path: Assets/Photon/PhotonLibs/WebSocket
  artifactKey: Guid(2f243ce0406bd1c40a9ff5fc2d78d905) Importer(815301076,1909f56bfc062723c751e8b465ee728b)
Start importing Assets/Photon/PhotonLibs/WebSocket using Guid(2f243ce0406bd1c40a9ff5fc2d78d905) Importer(815301076,1909f56bfc062723c751e8b465ee728b)  -> (artifact id: 'e532ea92269697075eddc7e912fa2dda') in 0.003754 seconds 
  Import took 0.007763 seconds .

========================================================================
Received Import Request.
  Time since last request: 7.292537 seconds.
  path: Assets/Photon/PhotonNetworking-Documentation.chm
  artifactKey: Guid(6923098d409554f57bedd5a4fa66e3ad) Importer(815301076,1909f56bfc062723c751e8b465ee728b)
Start importing Assets/Photon/PhotonNetworking-Documentation.chm using Guid(6923098d409554f57bedd5a4fa66e3ad) Importer(815301076,1909f56bfc062723c751e8b465ee728b)  -> (artifact id: '11939b9013a42ab722a128797af9abcf') in 0.209960 seconds 
  Import took 0.214176 seconds .

========================================================================
Received Import Request.
  Time since last request: 5.794475 seconds.
  path: Assets/Photon/PhotonRealtime
  artifactKey: Guid(b54c221855bde4a4ba511877e7b6b904) Importer(815301076,1909f56bfc062723c751e8b465ee728b)
Start importing Assets/Photon/PhotonRealtime using Guid(b54c221855bde4a4ba511877e7b6b904) Importer(815301076,1909f56bfc062723c751e8b465ee728b)  -> (artifact id: 'a6667b0e99c7ed6c6d62b7c43a320b95') in 0.003915 seconds 
  Import took 0.007843 seconds .

========================================================================
Received Import Request.
  Time since last request: 5.646738 seconds.
  path: Assets/Photon/PhotonUnityNetworking/Code
  artifactKey: Guid(9a312e4dbb5268d4e859200f68478e0c) Importer(815301076,1909f56bfc062723c751e8b465ee728b)
Start importing Assets/Photon/PhotonUnityNetworking/Code using Guid(9a312e4dbb5268d4e859200f68478e0c) Importer(815301076,1909f56bfc062723c751e8b465ee728b)  -> (artifact id: '9bcf700072193c3880a76420d900d598') in 0.004025 seconds 
  Import took 0.009000 seconds .

========================================================================
Received Import Request.
  Time since last request: 0.175061 seconds.
  path: Assets/Photon/PhotonUnityNetworking/Code/PhotonUnityNetworking.asmdef
  artifactKey: Guid(57c32fc907df0f54e8e6e8f0d2488336) Importer(815301076,1909f56bfc062723c751e8b465ee728b)
Start importing Assets/Photon/PhotonUnityNetworking/Code/PhotonUnityNetworking.asmdef using Guid(57c32fc907df0f54e8e6e8f0d2488336) Importer(815301076,1909f56bfc062723c751e8b465ee728b)  -> (artifact id: '2d277f423e933b8dafed955df4b0b537') in 0.194896 seconds 
  Import took 0.198391 seconds .

========================================================================
Received Import Request.
  Time since last request: 31.937226 seconds.
  path: Assets/Scenes/SampleScene.unity
  artifactKey: Guid(9fc0d4010bbf28b4594072e72b8655ab) Importer(815301076,1909f56bfc062723c751e8b465ee728b)
Start importing Assets/Scenes/SampleScene.unity using Guid(9fc0d4010bbf28b4594072e72b8655ab) Importer(815301076,1909f56bfc062723c751e8b465ee728b)  -> (artifact id: '85059f4f9e1a832ed95adaa0d25c5c4c') in 0.011140 seconds 
  Import took 0.015699 seconds .

========================================================================
Received Import Request.
  Time since last request: 1.240561 seconds.
  path: Assets/Scenes/Main Menu.unity
  artifactKey: Guid(33977652943e54e32b7643ad34c90f93) Importer(815301076,1909f56bfc062723c751e8b465ee728b)
Start importing Assets/Scenes/Main Menu.unity using Guid(33977652943e54e32b7643ad34c90f93) Importer(815301076,1909f56bfc062723c751e8b465ee728b)  -> (artifact id: '605daed85448523f2830b1458faa007e') in 0.004818 seconds 
  Import took 0.009685 seconds .

========================================================================
Received Import Request.
  Time since last request: 0.001136 seconds.
  path: Assets/Scenes/Main Menu.unity
  artifactKey: Guid(33977652943e54e32b7643ad34c90f93) Importer(815301076,1909f56bfc062723c751e8b465ee728b)
Start importing Assets/Scenes/Main Menu.unity using Guid(33977652943e54e32b7643ad34c90f93) Importer(815301076,1909f56bfc062723c751e8b465ee728b)  -> (artifact id: '605daed85448523f2830b1458faa007e') in 0.004493 seconds 
  Import took 0.009613 seconds .

========================================================================
Received Import Request.
  Time since last request: 0.548607 seconds.
  path: Assets/Scenes/Map1.unity
  artifactKey: Guid(3177fb3de32ad42729f84e13639d0949) Importer(815301076,1909f56bfc062723c751e8b465ee728b)
Start importing Assets/Scenes/Map1.unity using Guid(3177fb3de32ad42729f84e13639d0949) Importer(815301076,1909f56bfc062723c751e8b465ee728b)  -> (artifact id: '2d07a0df9378fc9fc6d041fa9fbf39d3') in 0.004496 seconds 
  Import took 0.008397 seconds .

========================================================================
Received Import Request.
  Time since last request: 0.001116 seconds.
  path: Assets/Scenes/Map1.unity
  artifactKey: Guid(3177fb3de32ad42729f84e13639d0949) Importer(815301076,1909f56bfc062723c751e8b465ee728b)
Start importing Assets/Scenes/Map1.unity using Guid(3177fb3de32ad42729f84e13639d0949) Importer(815301076,1909f56bfc062723c751e8b465ee728b)  -> (artifact id: '2d07a0df9378fc9fc6d041fa9fbf39d3') in 0.004223 seconds 
  Import took 0.007761 seconds .

========================================================================
Received Import Request.
  Time since last request: 1.187919 seconds.
  path: Assets/Scenes/Movement Testing.unity
  artifactKey: Guid(c32e33a292dd243508e0389357957046) Importer(815301076,1909f56bfc062723c751e8b465ee728b)
Start importing Assets/Scenes/Movement Testing.unity using Guid(c32e33a292dd243508e0389357957046) Importer(815301076,1909f56bfc062723c751e8b465ee728b)  -> (artifact id: '119c317add9c4f09ee2fed7aa291c6d6') in 0.004618 seconds 
  Import took 0.008712 seconds .

========================================================================
Received Import Request.
  Time since last request: 0.000557 seconds.
  path: Assets/Scenes/Movement Testing.unity
  artifactKey: Guid(c32e33a292dd243508e0389357957046) Importer(815301076,1909f56bfc062723c751e8b465ee728b)
Start importing Assets/Scenes/Movement Testing.unity using Guid(c32e33a292dd243508e0389357957046) Importer(815301076,1909f56bfc062723c751e8b465ee728b)  -> (artifact id: '119c317add9c4f09ee2fed7aa291c6d6') in 0.019167 seconds 
  Import took 0.023108 seconds .

========================================================================
Received Prepare
Registering precompiled user dll's ...
Registered in 0.012300 seconds.
Begin MonoManager ReloadAssembly
Native extension for OSXStandalone target not found
Native extension for WebGL target not found
Refreshing native plugins compatible for Editor in 0.38 ms, found 2 plugins.
Preloading 0 native plugins for Editor in 0.00 ms.
Mono: successfully reloaded assembly
- Completed reload, in  1.498 seconds
Platform modules already initialized, skipping
Refreshing native plugins compatible for Editor in 0.42 ms, found 2 plugins.
Preloading 0 native plugins for Editor in 0.00 ms.
Unloading 1489 Unused Serialized files (Serialized files now loaded: 0)
System memory in use before: 176.0 MB.
System memory in use after: 176.1 MB.

Unloading 19 unused Assets to reduce memory usage. Loaded Objects now: 1985.
Total: 2.040303 ms (FindLiveObjects: 0.282979 ms CreateObjectMapping: 0.095275 ms MarkObjects: 1.593055 ms  DeleteObjects: 0.066916 ms)

AssetImportParameters requested are different than current active one (requested -> active):
  custom:video-decoder-ogg-theora: a1e56fd34408186e4bbccfd4996cb3dc -> 
  custom:container-muxer-webm: aa71ff27fc2769a1b78a27578f13a17b -> 
  custom:container-demuxer-webm: 4f35f7cbe854078d1ac9338744f61a02 -> 
  custom:container-demuxer-ogg: 62fdf1f143b41e24485cea50d1cbac27 -> 
  custom:video-encoder-webm-vp8: eb34c28f22e8b96e1ab97ce403110664 -> 
  custom:framework-osx-AVFoundation: e770b220cccbd017edd2c1fefb359320 -> 
  custom:video-decoder-webm-vp8: 9c59270c3fd7afecdb556c50c9e8de78 -> 
  custom:audio-decoder-ogg-vorbis: bf7c407c2cedff20999df2af8eb42d56 -> 
  custom:audio-encoder-webm-vorbis: bf7c407c2cedff20999df2af8eb42d56 -> 
